This is pdfTeXk, Version 3.141592-1.40.3 (Web2C 7.5.6) (format=latex 2010.2.2)  12 JUL 2011 17:04
entering extended mode
 %&-line parsing enabled.
**refman.tex
(./refman.tex
LaTeX2e <2005/12/01>
Babel <v3.8h> and hyphenation patterns for english, usenglishmax, dumylang, noh
yphenation, arabic, basque, bulgarian, coptic, welsh, czech, slovak, german, ng
erman, danish, esperanto, spanish, catalan, galician, estonian, farsi, finnish,
 french, greek, monogreek, ancientgreek, croatian, hungarian, interlingua, ibyc
us, indonesian, icelandic, italian, latin, mongolian, dutch, norsk, polish, por
tuguese, pinyin, romanian, russian, slovenian, uppersorbian, serbian, swedish, 
turkish, ukenglish, ukrainian, loaded.
\@indexfile=\write3
\openout3 = `refman.idx'.

Writing index file refman.idx
(/usr/share/texmf/tex/latex/base/article.cls
Document Class: article 2005/09/16 v1.4f Standard LaTeX document class
(/usr/share/texmf/tex/latex/base/size10.clo
File: size10.clo 2005/09/16 v1.4f Standard LaTeX file (size option)
)
\c@part=\count79
\c@section=\count80
\c@subsection=\count81
\c@subsubsection=\count82
\c@paragraph=\count83
\c@subparagraph=\count84
\c@figure=\count85
\c@table=\count86
\abovecaptionskip=\skip41
\belowcaptionskip=\skip42
\bibindent=\dimen102
) (./html.sty
Package: html 1996/02/01 v1.0 hypertext commands for latex2html (nd, hws)
\c@lpart=\count87
\c@lchapter=\count88
\c@lsection=\count89
\c@lsubsection=\count90
\c@lsubsubsection=\count91
\c@lparagraph=\count92
\c@lsubparagraph=\count93
\c@lsubsubparagraph=\count94
\c@lequation=\count95
\ptrfile=\write4
)
\LINE=\box26
 (./refman.aux)
\openout1 = `refman.aux'.

LaTeX Font Info:    Checking defaults for OML/cmm/m/it on input line 119.
LaTeX Font Info:    ... okay on input line 119.
LaTeX Font Info:    Checking defaults for T1/cmr/m/n on input line 119.
LaTeX Font Info:    ... okay on input line 119.
LaTeX Font Info:    Checking defaults for OT1/cmr/m/n on input line 119.
LaTeX Font Info:    ... okay on input line 119.
LaTeX Font Info:    Checking defaults for OMS/cmsy/m/n on input line 119.
LaTeX Font Info:    ... okay on input line 119.
LaTeX Font Info:    Checking defaults for OMX/cmex/m/n on input line 119.
LaTeX Font Info:    ... okay on input line 119.
LaTeX Font Info:    Checking defaults for U/cmr/m/n on input line 119.
LaTeX Font Info:    ... okay on input line 119.
LaTeX Font Info:    External font `cmex10' loaded for size
(Font)              <12> on input line 121.
LaTeX Font Info:    External font `cmex10' loaded for size
(Font)              <8> on input line 121.
LaTeX Font Info:    External font `cmex10' loaded for size
(Font)              <6> on input line 121.

[1

] (./refman.toc
LaTeX Font Info:    External font `cmex10' loaded for size
(Font)              <7> on input line 2.
LaTeX Font Info:    External font `cmex10' loaded for size
(Font)              <5> on input line 2.
 [1] [2])
\tf@toc=\write5
\openout5 = `refman.toc'.

 [3] [4]
Overfull \hbox (0.76424pt too wide) in paragraph at lines 217--232
 [] 
 []

[5] [6] [7] [8]
LaTeX Font Info:    Try loading font information for OMS+cmtt on input line 506
.
LaTeX Font Info:    No file OMScmtt.fd. on input line 506.


LaTeX Font Warning: Font shape `OMS/cmtt/m/n' undefined
(Font)              using `OMS/cmsy/m/n' instead
(Font)              for symbol `textbraceleft' on input line 506.


Overfull \hbox (19.72253pt too wide) in paragraph at lines 502--525
[][] 
 []

[9] [10] [11] [12] [13]
Overfull \hbox (0.40704pt too wide) in paragraph at lines 806--815
[][] 
 []

[14]
Overfull \hbox (20.20094pt too wide) in paragraph at lines 870--883
[][] 
 []

[15] [16] [17] [18] [19] [20] [21]
LaTeX Font Info:    Try loading font information for OMS+cmr on input line 1337
.
 (/usr/share/texmf/tex/latex/base/omscmr.fd
File: omscmr.fd 1999/05/25 v2.5h Standard LaTeX font definitions
)
LaTeX Font Info:    Font shape `OMS/cmr/m/n' in size <10> not available
(Font)              Font shape `OMS/cmsy/m/n' tried instead on input line 1337.


[22]
Overfull \hbox (40.7339pt too wide) in paragraph at lines 1441--1451
[][] 
 []

[23] [24] [25] [26] [27] [28] [29]
Overfull \hbox (2.5456pt too wide) in paragraph at lines 1861--1865
\OT1/cmr/m/n/10 Datatypes can be in-ter-faced with the per-sis-tent ob-ject li-
brary sup-plied with the trans-la-tor us-ing the \OT1/cmtt/m/n/10 persistent[]
 []


Overfull \hbox (45.71153pt too wide) in paragraph at lines 1896--1898
[]\OT1/cmr/m/n/10 For ex-am-ple, the fol-low-ing state-ment de-clares the per-s
is-tent ob-ject id for type []\OT1/cmtt/m/n/10 Exp \OT1/cmr/m/n/10 above to be 
[]\OT1/cmtt/m/n/10 "Simple expressions"\OT1/cmr/m/n/10 . 
 []

[30] [31] [32] [33] [34] [35] [36]
Overfull \hbox (59.27437pt too wide) in paragraph at lines 2255--2273
[][] 
 []

[37] [38] [39] [40] [41] [42] [43] [44] [45] [46]
Overfull \hbox (56.30751pt too wide) in paragraph at lines 2979--2984
[]\OT1/cmr/m/n/10 Given an in-put term of the form []\OT1/cmtt/m/n/10 FORALL(X,
A,Not(P))\OT1/cmr/m/n/10 , the term will first be re-duced to []\OT1/cmtt/m/n/1
0 Not(EXISTS(X,A,Not(Not(P))))
 []

[47] [48] [49] [50] [51] [52] [53]
Overfull \hbox (21.87953pt too wide) in paragraph at lines 3334--3339
[]\OT1/cmr/m/n/10 The graph struc-ture map-ping pro-cess uses real-time set ma-
chine simulation[[]] and sub-type analysis[[]]
 []

[54] [55] [56]
Underfull \hbox (badness 10000) in paragraph at lines 3482--3482
[]\OT1/cmtt/m/n/10 Sorry: pattern not supported in
 []


Underfull \hbox (badness 10000) in paragraph at lines 3487--3487
[]\OT1/cmtt/m/n/10 accessor is undefined for view pattern:
 []


Underfull \hbox (badness 10000) in paragraph at lines 3489--3489
[]\OT1/cmtt/m/n/10 arity mismatch (expecting $\OML/cmm/m/it/10 n$\OT1/cmtt/m/n/
10 ) in pattern:
 []


Underfull \hbox (badness 10000) in paragraph at lines 3509--3509
[]\OT1/cmtt/m/n/10 constructor \OT1/cmtt/m/it/10 con \OT1/cmtt/m/n/10 doesn't t
ake labeled
 []

[57]
Underfull \hbox (badness 10000) in paragraph at lines 3523--3523
[]\OT1/cmtt/m/n/10 duplicated definition of pattern
 []


Underfull \hbox (badness 10000) in paragraph at lines 3529--3529
[]\OT1/cmtt/m/n/10 duplicated pattern variable '\OT1/cmtt/m/it/10 id\OT1/cmtt/m
/n/10 '. Use
 []


Underfull \hbox (badness 10000) in paragraph at lines 3536--3536
[]\OT1/cmtt/m/n/10 expecting $\OML/cmm/m/it/10 c[]$ \OT1/cmtt/m/n/10 ... $\OML/
cmm/m/it/10 c[]$ \OT1/cmtt/m/n/10 (from line $\OML/cmm/m/it/10 l$\OT1/cmtt/m/n/
10 ) but
 []


Underfull \hbox (badness 10000) in paragraph at lines 3537--3537
[]\OT1/cmtt/m/n/10 expecting non-terminal \OT1/cmtt/m/it/10 nt \OT1/cmtt/m/n/10
 to have type $\OML/cmm/m/it/10 t[]$
 []


Underfull \hbox (badness 10000) in paragraph at lines 3541--3541
[]\OT1/cmtt/m/n/10 expecting type $\OML/cmm/m/it/10 t[]$ \OT1/cmtt/m/n/10 but f
ound $\OML/cmm/m/it/10 t[]$ \OT1/cmtt/m/n/10 in pattern
 []


Underfull \hbox (badness 10000) in paragraph at lines 3547--3547
[]\OT1/cmtt/m/n/10 flexible vector pattern currently not
 []


Underfull \hbox (badness 10000) in paragraph at lines 3549--3549
[]\OT1/cmtt/m/n/10 format #$\OML/cmm/m/it/10 l$ \OT1/cmtt/m/n/10 used on non-re
cord constructor
 []


Underfull \hbox (badness 10000) in paragraph at lines 3558--3558
[]\OT1/cmtt/m/n/10 illegal print format '$\OML/cmm/m/it/10 c$\OT1/cmtt/m/n/10 '
 in constructor
 []


Underfull \hbox (badness 10000) in paragraph at lines 3559--3559
[]\OT1/cmtt/m/n/10 illegal record label '$\OML/cmm/m/it/10 l$\OT1/cmtt/m/n/10 '
 in expression:
 []


Underfull \hbox (badness 10000) in paragraph at lines 3562--3562
[]\OT1/cmtt/m/n/10 inherited attribute '\OT1/cmtt/m/it/10 type\OT1/cmtt/m/n/10 
' can only be
 []


Underfull \hbox (badness 10000) in paragraph at lines 3562--3562
\OT1/cmtt/m/n/10 used in treeparser mode in rewrite class
 []

[58]
Underfull \hbox (badness 10000) in paragraph at lines 3569--3569
[]\OT1/cmtt/m/n/10 law '\OT1/cmtt/m/it/10 id\OT1/cmtt/m/n/10 ': bound variable 
'$\OML/cmm/m/it/10 v$\OT1/cmtt/m/n/10 ' is absent
 []


Underfull \hbox (badness 10000) in paragraph at lines 3572--3572
[]\OT1/cmtt/m/n/10 law '\OT1/cmtt/m/it/10 id\OT1/cmtt/m/n/10 ': type \OT1/cmtt/
m/it/10 type \OT1/cmtt/m/n/10 cannot be used in
 []


Underfull \hbox (badness 10000) in paragraph at lines 3578--3578
[]\OT1/cmtt/m/n/10 lexeme pattern is undefined for
 []


Underfull \hbox (badness 10000) in paragraph at lines 3588--3588
[]\OT1/cmtt/m/n/10 missing non-terminal in tree grammar
 []


Underfull \hbox (badness 10000) in paragraph at lines 3589--3589
[]\OT1/cmtt/m/n/10 missing type \OT1/cmtt/m/it/10 type \OT1/cmtt/m/n/10 in the 
traversal list
 []


Underfull \hbox (badness 10000) in paragraph at lines 3594--3594
[]\OT1/cmtt/m/n/10 missing type info in expression \OT1/cmtt/m/it/10 exp \OT1/c
mtt/m/n/10 :
 []


Underfull \hbox (badness 10000) in paragraph at lines 3605--3605
[]\OT1/cmtt/m/n/10 multiple mixed polarity pattern variable
 []


Underfull \hbox (badness 10000) in paragraph at lines 3607--3607
[]\OT1/cmtt/m/n/10 multiple unit constructors in polymorphic
 []

[59]
Underfull \hbox (badness 10000) in paragraph at lines 3618--3618
[]\OT1/cmtt/m/n/10 pattern variable '$\OML/cmm/m/it/10 v$\OT1/cmtt/m/n/10 ' has
 no binding at
 []


Underfull \hbox (badness 10000) in paragraph at lines 3620--3620
[]\OT1/cmtt/m/n/10 persistence pid \OT1/cmtt/m/it/10 name \OT1/cmtt/m/n/10 alre
ady allocated
 []


Underfull \hbox (badness 10000) in paragraph at lines 3623--3623
[]\OT1/cmtt/m/n/10 predicate \OT1/cmtt/m/it/10 p\OT1/cmtt/m/n/10 : expecting ty
pe $\OML/cmm/m/it/10 t[]$ \OT1/cmtt/m/n/10 but found
 []


Underfull \hbox (badness 10000) in paragraph at lines 3628--3628
[]\OT1/cmtt/m/n/10 replacement not in rewrite class:
 []


Underfull \hbox (badness 10000) in paragraph at lines 3636--3636
[]\OT1/cmtt/m/n/10 synthesized attribute '\OT1/cmtt/m/it/10 type\OT1/cmtt/m/n/1
0 ' can only be
 []


Underfull \hbox (badness 10000) in paragraph at lines 3636--3636
\OT1/cmtt/m/n/10 used in treeparser mode in rewrite class
 []


Underfull \hbox (badness 10000) in paragraph at lines 3637--3637
[]\OT1/cmtt/m/n/10 the class representation of constructor
 []


Underfull \hbox (badness 10000) in paragraph at lines 3640--3640
[]\OT1/cmtt/m/n/10 too few arguments \OT1/cmtt/m/it/10 arg \OT1/cmtt/m/n/10 in 
instantiation of
 []


Underfull \hbox (badness 10000) in paragraph at lines 3641--3641
[]\OT1/cmtt/m/n/10 too many arguments \OT1/cmtt/m/it/10 arg \OT1/cmtt/m/n/10 in
 instantiation
 []

[60]
Underfull \hbox (badness 10000) in paragraph at lines 3651--3651
[]\OT1/cmtt/m/n/10 type '\OT1/cmtt/m/it/10 type\OT1/cmtt/m/n/10 ' is not rewrit
able in
 []


Underfull \hbox (badness 10000) in paragraph at lines 3656--3656
[]\OT1/cmtt/m/n/10 type mismatch between nonterminal \OT1/cmtt/m/it/10 nt\OT1/c
mtt/m/n/10 (type
 []


Underfull \hbox (badness 10000) in paragraph at lines 3664--3664
[]\OT1/cmtt/m/n/10 unification fails occurs check with $\OML/cmm/m/it/10 t[]$
 []

[61] [62] [63] [64] [65] [66]
Overfull \hbox (10.71167pt too wide) in paragraph at lines 3989--3994
[]\OT1/cmr/m/n/10 Each col-lec-tor has a cur-rent ver-bosity level, which can b
e set and re-set us-ing the meth-ods []\OT1/cmtt/m/n/10 set_verbosity(int)
 []

[67] [68] [69] [70]
Overfull \hbox (12.40532pt too wide) in paragraph at lines 4241--4243
[]\OT1/cmr/m/n/10 Method []\OT1/cmtt/m/n/10 number_of_nodes() \OT1/cmr/m/n/10 r
e-turns the node count of the last struc-ture traced us-ing []\OT1/cmtt/m/n/10 
is_valid_structure\OT1/cmr/m/n/10 ,
 []

(./refman.bbl [71]) (./refman.ind [72] [73

] [74]) (./refman.aux)

LaTeX Font Warning: Some font shapes were not available, defaults substituted.

 ) 
Here is how much of TeX's memory you used:
 523 strings out of 256217
 5723 string characters out of 1917096
 59924 words of memory out of 1500000
 3842 multiletter control sequences out of 10000+200000
 16556 words of font info for 59 fonts, out of 1200000 for 2000
 645 hyphenation exceptions out of 8191
 24i,9n,20p,177b,329s stack positions out of 5000i,500n,6000p,200000b,15000s

Output written on refman.dvi (75 pages, 257912 bytes).
